<?xml version="1.0" encoding="UTF-8"?>
<!-- Generated by org.testng.reporters.JUnitReportReporter -->
<testsuite hostname="SIML120" failures="0" tests="2" name="testscript.LoginTestScript" time="1.654" errors="0" timestamp="2025-05-03T09:05:29 IST" skipped="0">
  <testcase classname="testscript.LoginTestScript" name="verifyLogin" time="0.899"/>
  <system-out/>
  <testcase classname="testscript.LoginTestScript" name="verifyLogin" time="0.755"/>
  <system-out/>
</testsuite> <!-- testscript.LoginTestScript -->
