<?xml version="1.0" encoding="UTF-8"?>
<!-- Generated by org.testng.reporters.JUnitReportReporter -->
<testsuite hostname="SIML120" failures="0" tests="2" name="testscript.AddUserTestScript" time="6.265" errors="0" timestamp="2025-05-03T09:05:29 IST" skipped="0">
  <testcase classname="testscript.AddUserTestScript" name="verifyloginAddUser" time="3.188"/>
  <system-out/>
  <testcase classname="testscript.AddUserTestScript" name="verifyloginAddUser" time="3.077"/>
  <system-out/>
</testsuite> <!-- testscript.AddUserTestScript -->
