<?xml version="1.0" encoding="UTF-8"?>
<testng-results ignored="0" total="4" passed="4" failed="0" skipped="0">
  <reporter-output>
  </reporter-output>
  <suite started-at="2025-05-03T09:05:09 IST" name="Suite" finished-at="2025-05-03T09:05:29 IST" duration-ms="19771">
    <groups>
    </groups>
    <test started-at="2025-05-03T09:05:09 IST" name="Test" finished-at="2025-05-03T09:05:18 IST" duration-ms="8952">
      <class name="testscript.LoginTestScript">
        <test-method is-config="true" signature="openBrowser(java.lang.String)[pri:0, instance:testscript.LoginTestScript@8462f31]" started-at="2025-05-03T09:05:09 IST" name="openBrowser" finished-at="2025-05-03T09:05:12 IST" duration-ms="2806" status="PASS">
          <params>
            <param index="0">
              <value>
                <![CDATA[chrome]]>
              </value>
            </param>
          </params>
          <reporter-output>
          </reporter-output>
        </test-method> <!-- openBrowser -->
        <test-method signature="verifyLogin()[pri:0, instance:testscript.LoginTestScript@8462f31]" started-at="2025-05-03T09:05:12 IST" name="verifyLogin" finished-at="2025-05-03T09:05:13 IST" duration-ms="899" status="PASS">
          <reporter-output>
          </reporter-output>
        </test-method> <!-- verifyLogin -->
        <test-method is-config="true" signature="closeBrowser()[pri:0, instance:testscript.LoginTestScript@8462f31]" started-at="2025-05-03T09:05:13 IST" name="closeBrowser" finished-at="2025-05-03T09:05:13 IST" duration-ms="243" status="PASS">
          <reporter-output>
          </reporter-output>
        </test-method> <!-- closeBrowser -->
      </class> <!-- testscript.LoginTestScript -->
      <class name="testscript.AddUserTestScript">
        <test-method is-config="true" signature="openBrowser(java.lang.String)[pri:0, instance:testscript.AddUserTestScript@247310d0]" started-at="2025-05-03T09:05:13 IST" name="openBrowser" finished-at="2025-05-03T09:05:15 IST" duration-ms="1692" status="PASS">
          <params>
            <param index="0">
              <value>
                <![CDATA[chrome]]>
              </value>
            </param>
          </params>
          <reporter-output>
          </reporter-output>
        </test-method> <!-- openBrowser -->
        <test-method signature="verifyloginAddUser()[pri:0, instance:testscript.AddUserTestScript@247310d0]" started-at="2025-05-03T09:05:15 IST" name="verifyloginAddUser" finished-at="2025-05-03T09:05:18 IST" duration-ms="3077" status="PASS">
          <reporter-output>
          </reporter-output>
        </test-method> <!-- verifyloginAddUser -->
        <test-method is-config="true" signature="closeBrowser()[pri:0, instance:testscript.AddUserTestScript@247310d0]" started-at="2025-05-03T09:05:18 IST" name="closeBrowser" finished-at="2025-05-03T09:05:18 IST" duration-ms="192" status="PASS">
          <reporter-output>
          </reporter-output>
        </test-method> <!-- closeBrowser -->
      </class> <!-- testscript.AddUserTestScript -->
    </test> <!-- Test -->
    <test started-at="2025-05-03T09:05:18 IST" name="Test1" finished-at="2025-05-03T09:05:29 IST" duration-ms="10786">
      <class name="testscript.LoginTestScript">
        <test-method is-config="true" signature="openBrowser(java.lang.String)[pri:0, instance:testscript.LoginTestScript@4e5ed836]" started-at="2025-05-03T09:05:18 IST" name="openBrowser" finished-at="2025-05-03T09:05:21 IST" duration-ms="3212" status="PASS">
          <params>
            <param index="0">
              <value>
                <![CDATA[edge]]>
              </value>
            </param>
          </params>
          <reporter-output>
          </reporter-output>
        </test-method> <!-- openBrowser -->
        <test-method signature="verifyLogin()[pri:0, instance:testscript.LoginTestScript@4e5ed836]" started-at="2025-05-03T09:05:21 IST" name="verifyLogin" finished-at="2025-05-03T09:05:22 IST" duration-ms="755" status="PASS">
          <reporter-output>
          </reporter-output>
        </test-method> <!-- verifyLogin -->
        <test-method is-config="true" signature="closeBrowser()[pri:0, instance:testscript.LoginTestScript@4e5ed836]" started-at="2025-05-03T09:05:22 IST" name="closeBrowser" finished-at="2025-05-03T09:05:22 IST" duration-ms="202" status="PASS">
          <reporter-output>
          </reporter-output>
        </test-method> <!-- closeBrowser -->
      </class> <!-- testscript.LoginTestScript -->
      <class name="testscript.AddUserTestScript">
        <test-method is-config="true" signature="openBrowser(java.lang.String)[pri:0, instance:testscript.AddUserTestScript@eadd4fb]" started-at="2025-05-03T09:05:22 IST" name="openBrowser" finished-at="2025-05-03T09:05:25 IST" duration-ms="3216" status="PASS">
          <params>
            <param index="0">
              <value>
                <![CDATA[edge]]>
              </value>
            </param>
          </params>
          <reporter-output>
          </reporter-output>
        </test-method> <!-- openBrowser -->
        <test-method signature="verifyloginAddUser()[pri:0, instance:testscript.AddUserTestScript@eadd4fb]" started-at="2025-05-03T09:05:25 IST" name="verifyloginAddUser" finished-at="2025-05-03T09:05:29 IST" duration-ms="3188" status="PASS">
          <reporter-output>
          </reporter-output>
        </test-method> <!-- verifyloginAddUser -->
        <test-method is-config="true" signature="closeBrowser()[pri:0, instance:testscript.AddUserTestScript@eadd4fb]" started-at="2025-05-03T09:05:29 IST" name="closeBrowser" finished-at="2025-05-03T09:05:29 IST" duration-ms="205" status="PASS">
          <reporter-output>
          </reporter-output>
        </test-method> <!-- closeBrowser -->
      </class> <!-- testscript.AddUserTestScript -->
    </test> <!-- Test1 -->
  </suite> <!-- Suite -->
</testng-results>
