<?xml version="1.0" encoding="UTF-8"?>
<testng-results ignored="0" total="1" passed="1" failed="0" skipped="0">
  <reporter-output>
  </reporter-output>
  <suite started-at="2025-04-20T20:00:42 IST" name="Suite" finished-at="2025-04-20T20:00:56 IST" duration-ms="14351">
    <groups>
    </groups>
    <test started-at="2025-04-20T20:00:42 IST" name="Test" finished-at="2025-04-20T20:00:56 IST" duration-ms="14351">
      <class name="testscript.LoginTestScript">
        <test-method is-config="true" signature="openBrowser(java.lang.String)[pri:0, instance:testscript.LoginTestScript@f68f0dc]" started-at="2025-04-20T20:00:42 IST" name="openBrowser" finished-at="2025-04-20T20:00:55 IST" duration-ms="13144" status="PASS">
          <params>
            <param index="0">
              <value>
                <![CDATA[edge]]>
              </value>
            </param>
          </params>
          <reporter-output>
          </reporter-output>
        </test-method> <!-- openBrowser -->
        <test-method signature="verifyLogin()[pri:0, instance:testscript.LoginTestScript@f68f0dc]" started-at="2025-04-20T20:00:55 IST" name="verifyLogin" finished-at="2025-04-20T20:00:56 IST" duration-ms="965" status="PASS">
          <reporter-output>
          </reporter-output>
        </test-method> <!-- verifyLogin -->
        <test-method is-config="true" signature="closeBrowser()[pri:0, instance:testscript.LoginTestScript@f68f0dc]" started-at="2025-04-20T20:00:56 IST" name="closeBrowser" finished-at="2025-04-20T20:00:56 IST" duration-ms="204" status="PASS">
          <reporter-output>
          </reporter-output>
        </test-method> <!-- closeBrowser -->
      </class> <!-- testscript.LoginTestScript -->
    </test> <!-- Test -->
  </suite> <!-- Suite -->
</testng-results>
